<?xml version="1.0" encoding="UTF-8"?>
<testng-results skipped="0" failed="0" ignored="0" total="1" passed="1">
  <reporter-output>
    <line>
      <![CDATA[
The application url is :- http://10.0.1.86/tatoc/]]>
    </line>
    <line>
      <![CDATA[The test browser is :- chrome
]]>
    </line>
  </reporter-output>
  <suite name="Default suite" duration-ms="20715" started-at="2017-07-31T04:46:55Z" finished-at="2017-07-31T04:47:16Z">
    <groups>
    </groups>
    <test name="Default test" duration-ms="20715" started-at="2017-07-31T04:46:55Z" finished-at="2017-07-31T04:47:16Z">
      <class name="com.qait.training.assignment5.AdvancedTest">
        <test-method status="PASS" signature="initializeVariable()[pri:0, instance:com.qait.training.assignment5.AdvancedTest@5700d6b1]" name="initializeVariable" is-config="true" duration-ms="3826" started-at="2017-07-31T10:16:55Z" finished-at="2017-07-31T10:16:59Z">
          <reporter-output>
          </reporter-output>
        </test-method> <!-- initializeVariable -->
        <test-method status="PASS" signature="test01_verifyUseLoginOn()[pri:0, instance:com.qait.training.assignment5.AdvancedTest@5700d6b1]" name="test01_verifyUseLoginOn" duration-ms="16860" started-at="2017-07-31T10:16:59Z" finished-at="2017-07-31T10:17:16Z">
          <reporter-output>
            <line>
              <![CDATA[
The application url is :- http://10.0.1.86/tatoc/]]>
            </line>
            <line>
              <![CDATA[The test browser is :- chrome
]]>
            </line>
          </reporter-output>
        </test-method> <!-- test01_verifyUseLoginOn -->
      </class> <!-- com.qait.training.assignment5.AdvancedTest -->
    </test> <!-- Default test -->
  </suite> <!-- Default suite -->
</testng-results>
